<?xml version="1.0" encoding="UTF-8"?>
<!-- Generated by org.testng.reporters.JUnitReportReporter -->
<testsuite hostname="APPU" failures="0" tests="2" name="regression.demo1" time="0.002" errors="0" timestamp="2023-12-13T17:03:29 IST" skipped="1">
  <testcase classname="regression.demo1" name="test2" time="0.002"/>
  <system-out>
    <![CDATA[hii]]>
  </system-out>
  <testcase classname="regression.demo1" name="test1">
    <skipped/>
  </testcase> <!-- test1 -->
  <system-out/>
</testsuite> <!-- regression.demo1 -->
