<?xml version="1.0" encoding="UTF-8"?>
<!-- Generated by org.testng.reporters.JUnitReportReporter -->
<testsuite hostname="APPU" failures="0" tests="4" name="Qsp.Demo4" time="0.020" errors="0" timestamp="2023-12-12T16:30:36 IST" skipped="0">
  <testcase classname="Qsp.Demo4" name="test2" time="0.013"/>
  <system-out>
    <![CDATA[hii]]>
  </system-out>
  <testcase classname="Qsp.Demo4" name="test1" time="0.003"/>
  <system-out>
    <![CDATA[hello]]>
  </system-out>
  <testcase classname="Qsp.Demo4" name="test1" time="0.002"/>
  <system-out>
    <![CDATA[hello]]>
  </system-out>
  <testcase classname="Qsp.Demo4" name="test1" time="0.002"/>
  <system-out>
    <![CDATA[hello]]>
  </system-out>
</testsuite> <!-- Qsp.Demo4 -->
