<?xml version="1.0" encoding="UTF-8"?>
<!-- Generated by org.testng.reporters.JUnitReportReporter -->
<testsuite hostname="APPU" failures="0" tests="2" name="Qsp.Demo5" time="0.014" errors="0" timestamp="2023-12-12T16:31:43 IST" skipped="1">
  <testcase classname="Qsp.Demo5" name="test2" time="0.014"/>
  <system-out>
    <![CDATA[hii]]>
  </system-out>
  <testcase classname="Qsp.Demo5" name="test1">
    <skipped/>
  </testcase> <!-- test1 -->
  <system-out/>
</testsuite> <!-- Qsp.Demo5 -->
