<?xml version="1.0" encoding="UTF-8"?>
<!-- Generated by org.testng.reporters.JUnitReportReporter -->
<testsuite hostname="APPU" failures="0" tests="4" name="functional.demo2" time="0.019" errors="0" timestamp="2023-12-13T17:03:29 IST" skipped="0">
  <testcase classname="functional.demo2" name="test2" time="0.014"/>
  <system-out>
    <![CDATA[hii]]>
  </system-out>
  <testcase classname="functional.demo2" name="test1" time="0.001"/>
  <system-out>
    <![CDATA[hello]]>
  </system-out>
  <testcase classname="functional.demo2" name="test1" time="0.002"/>
  <system-out>
    <![CDATA[hello]]>
  </system-out>
  <testcase classname="functional.demo2" name="test1" time="0.002"/>
  <system-out>
    <![CDATA[hello]]>
  </system-out>
</testsuite> <!-- functional.demo2 -->
