<?xml version="1.0" encoding="UTF-8"?>
<!-- Generated by org.testng.reporters.JUnitReportReporter -->
<testsuite hostname="APPU" failures="0" tests="2" name="Qsp.Demo3" time="0.017" errors="0" timestamp="2023-12-12T16:30:17 IST" skipped="0">
  <testcase classname="Qsp.Demo3" name="test2" time="0.015"/>
  <system-out>
    <![CDATA[hii]]>
  </system-out>
  <testcase classname="Qsp.Demo3" name="test1" time="0.002"/>
  <system-out>
    <![CDATA[hello]]>
  </system-out>
</testsuite> <!-- Qsp.Demo3 -->
