<?xml version="1.0" encoding="UTF-8"?>
<!-- Generated by org.testng.reporters.JUnitReportReporter -->
<testsuite hostname="APPU" failures="0" tests="2" name="Qsp.RunnerScript" time="19.059" errors="0" timestamp="2023-12-13T17:33:17 IST" skipped="0">
  <testcase classname="Qsp.RunnerScript" name="validLogin" time="9.314"/>
  <system-out/>
  <testcase classname="Qsp.RunnerScript" name="Forgottenpassword" time="9.745"/>
  <system-out/>
</testsuite> <!-- Qsp.RunnerScript -->
